
> build
> vite build

[36mvite v7.1.11 [32mbuilding for production...[36m[39m
transforming...
[32m✓[39m 85 modules transformed.
rendering chunks...
computing gzip size...
[2mbuild/client/[22m[32m.vite/manifest.json                [39m[1m[2m  3.07 kB[22m[1m[22m[2m │ gzip:   0.58 kB[22m
[2mbuild/client/[22m[35massets/root-C1W-XbyB.css           [39m[1m[2m 30.92 kB[22m[1m[22m[2m │ gzip:   6.19 kB[22m
[2mbuild/client/[22m[36massets/navbar-DvHKnL0k.js          [39m[1m[2m  0.32 kB[22m[1m[22m[2m │ gzip:   0.24 kB[22m
[2mbuild/client/[22m[36massets/wipe-BmFa9gYT.js            [39m[1m[2m  0.97 kB[22m[1m[22m[2m │ gzip:   0.56 kB[22m
[2mbuild/client/[22m[36massets/auth-yGODM1Zn.js            [39m[1m[2m  1.21 kB[22m[1m[22m[2m │ gzip:   0.62 kB[22m
[2mbuild/client/[22m[36massets/root-NPaRsVpR.js            [39m[1m[2m  1.24 kB[22m[1m[22m[2m │ gzip:   0.70 kB[22m
[2mbuild/client/[22m[36massets/home-V7D9W49d.js            [39m[1m[2m  3.40 kB[22m[1m[22m[2m │ gzip:   1.51 kB[22m
[2mbuild/client/[22m[36massets/puter-Ca5OHvpr.js           [39m[1m[2m  4.56 kB[22m[1m[22m[2m │ gzip:   1.32 kB[22m
[2mbuild/client/[22m[36massets/resume-C4gX1ZoQ.js          [39m[1m[2m 12.00 kB[22m[1m[22m[2m │ gzip:   3.85 kB[22m
[2mbuild/client/[22m[36massets/utils-LCX7tCys.js           [39m[1m[2m 25.08 kB[22m[1m[22m[2m │ gzip:   8.06 kB[22m
[2mbuild/client/[22m[36massets/upload-BIlwDdcQ.js          [39m[1m[2m 70.29 kB[22m[1m[22m[2m │ gzip:  20.54 kB[22m
[2mbuild/client/[22m[36massets/chunk-OIYGIGL5-BqXurzTp.js  [39m[1m[2m115.58 kB[22m[1m[22m[2m │ gzip:  39.03 kB[22m
[2mbuild/client/[22m[36massets/entry.client-D2Mv8qHq.js    [39m[1m[2m193.73 kB[22m[1m[22m[2m │ gzip:  61.08 kB[22m
[2mbuild/client/[22m[36massets/pdf-CPjZbJmk.js             [39m[1m[2m350.51 kB[22m[1m[22m[2m │ gzip: 104.20 kB[22m
[32m✓ built in 2.90s[39m
